0 info it worked if it ends with ok
1 verbose cli [ 'node', '/usr/bin/npm', 'install', 'node-curl', '-g' ]
2 info using npm@2.1.8
3 info using node@v0.10.33
4 verbose node symlink /usr/bin/node
5 silly cache add args [ 'node-curl', null ]
6 verbose cache add spec node-curl
7 silly cache add parsed spec { raw: 'node-curl',
7 silly cache add   scope: null,
7 silly cache add   name: 'node-curl',
7 silly cache add   rawSpec: '',
7 silly cache add   spec: '*',
7 silly cache add   type: 'range' }
8 verbose addNamed node-curl@*
9 silly addNamed semver.valid null
10 silly addNamed semver.validRange *
11 silly addNameRange { name: 'node-curl', range: '*', hasData: false }
12 silly mapToRegistry name node-curl
13 silly mapToRegistry using default registry
14 silly mapToRegistry registry https://registry.npmjs.org/
15 silly mapToRegistry uri https://registry.npmjs.org/node-curl
16 verbose addNameRange registry:https://registry.npmjs.org/node-curl not in flight; fetching
17 verbose request uri https://registry.npmjs.org/node-curl
18 verbose request no auth needed
19 info attempt registry request try #1 at 15:34:14
20 verbose request id 87da0096e72f0a28
21 verbose etag "4P12SE6AYB4AFXWOKI4OXE7IH"
22 http request GET https://registry.npmjs.org/node-curl
23 http 304 https://registry.npmjs.org/node-curl
24 silly get cb [ 304,
24 silly get   { date: 'Wed, 26 Nov 2014 19:32:47 GMT',
24 silly get     server: 'Apache',
24 silly get     via: '1.1 varnish',
24 silly get     'last-modified': 'Wed, 26 Nov 2014 18:00:54 GMT',
24 silly get     'cache-control': 'max-age=60',
24 silly get     etag: '"4P12SE6AYB4AFXWOKI4OXE7IH"',
24 silly get     age: '20',
24 silly get     'x-served-by': 'cache-atl6223-ATL',
24 silly get     'x-cache': 'HIT',
24 silly get     'x-cache-hits': '1',
24 silly get     'x-timer': 'S1417030367.640567,VS0,VE0',
24 silly get     vary: 'Accept',
24 silly get     'content-length': '0',
24 silly get     'keep-alive': 'timeout=10, max=50',
24 silly get     connection: 'Keep-Alive' } ]
25 verbose etag https://registry.npmjs.org/node-curl from cache
26 silly addNameRange number 2 { name: 'node-curl', range: '*', hasData: true }
27 silly addNameRange versions [ 'node-curl',
27 silly addNameRange   [ '0.1.0',
27 silly addNameRange     '0.1.1',
27 silly addNameRange     '0.1.2',
27 silly addNameRange     '0.1.3',
27 silly addNameRange     '0.1.4',
27 silly addNameRange     '0.1.5',
27 silly addNameRange     '0.1.6',
27 silly addNameRange     '0.1.7',
27 silly addNameRange     '0.1.8',
27 silly addNameRange     '0.2.0',
27 silly addNameRange     '0.2.1',
27 silly addNameRange     '0.2.2',
27 silly addNameRange     '0.2.3',
27 silly addNameRange     '0.3.0',
27 silly addNameRange     '0.3.1',
27 silly addNameRange     '0.3.3' ] ]
28 verbose addNamed node-curl@0.3.3
29 silly addNamed semver.valid 0.3.3
30 silly addNamed semver.validRange 0.3.3
31 silly cache afterAdd node-curl@0.3.3
32 verbose afterAdd /home/ronald/.npm/node-curl/0.3.3/package/package.json not in flight; writing
33 verbose afterAdd /home/ronald/.npm/node-curl/0.3.3/package/package.json written
34 silly install resolved [ { name: 'node-curl',
34 silly install resolved     version: '0.3.3',
34 silly install resolved     author: { name: 'Jiang Miao', email: 'jiangfriend@gmail.com' },
34 silly install resolved     description: 'node wrapper for multi curl, fully implemented.',
34 silly install resolved     keywords: [ 'node-curl', 'curl', 'multi-curl', 'mcurl' ],
34 silly install resolved     homepage: 'http://github.com/jiangmiao/node-curl',
34 silly install resolved     repository: { type: 'git', url: 'git://github.com/jiangmiao/node-curl.git' },
34 silly install resolved     main: './lib',
34 silly install resolved     scripts: { install: 'sh src/generate_curl_options_list.sh && (node-gyp rebuild || node-waf configure build)' },
34 silly install resolved     engines: { node: '>= 0.6.0' },
34 silly install resolved     bugs: { url: 'https://github.com/jiangmiao/node-curl/issues' },
34 silly install resolved     _id: 'node-curl@0.3.3',
34 silly install resolved     _shasum: '71274370774c2298b860307a9e45877701638735',
34 silly install resolved     _resolved: 'https://registry.npmjs.org/node-curl/-/node-curl-0.3.3.tgz',
34 silly install resolved     _from: 'node-curl@*',
34 silly install resolved     _npmVersion: '1.4.23',
34 silly install resolved     _npmUser: { name: 'jiangmiao', email: 'jiangfriend@gmail.com' },
34 silly install resolved     maintainers: [ [Object] ],
34 silly install resolved     dist:
34 silly install resolved      { shasum: '71274370774c2298b860307a9e45877701638735',
34 silly install resolved        tarball: 'http://registry.npmjs.org/node-curl/-/node-curl-0.3.3.tgz' },
34 silly install resolved     directories: {},
34 silly install resolved     readme: 'ERROR: No README data found!' } ]
35 info install node-curl@0.3.3 into /usr/lib
36 info installOne node-curl@0.3.3
37 verbose installOne of node-curl to /usr/lib not in flight; installing
38 verbose lock using /home/ronald/.npm/_locks/node-curl-5279db0e48cab0c1.lock for /usr/lib/node_modules/node-curl
39 silly install write writing node-curl 0.3.3 to /usr/lib/node_modules/node-curl
40 silly cache addNamed cb node-curl@0.3.3
41 verbose unbuild lib/node_modules/node-curl
42 verbose gentlyRm vacuuming /usr/lib/node_modules/node-curl
43 verbose tar unpack /home/ronald/.npm/node-curl/0.3.3/package.tgz
44 verbose tar unpacking to /usr/lib/node_modules/node-curl
45 verbose gentlyRm vacuuming /usr/lib/node_modules/node-curl
46 silly gunzTarPerm modes [ '775', '664' ]
47 error tar.unpack untar error /home/ronald/.npm/node-curl/0.3.3/package.tgz
48 verbose unlock done using /home/ronald/.npm/_locks/node-curl-5279db0e48cab0c1.lock for /usr/lib/node_modules/node-curl
49 verbose fstream_path /usr/lib/node_modules/node-curl
50 verbose fstream_type Directory
51 verbose fstream_class DirWriter
52 verbose stack Error: EACCES, mkdir '/usr/lib/node_modules/node-curl'
53 verbose fstream_stack /usr/lib/node_modules/npm/node_modules/fstream/lib/dir-writer.js:36:23
53 verbose fstream_stack /usr/lib/node_modules/npm/node_modules/mkdirp/index.js:46:53
53 verbose fstream_stack Object.oncomplete (fs.js:107:15)
54 verbose cwd /home/ronald/nodejs/showcase
55 error Linux 3.13.0-34-generic
56 error argv "node" "/usr/bin/npm" "install" "node-curl" "-g"
57 error node v0.10.33
58 error npm  v2.1.8
59 error path /usr/lib/node_modules/node-curl
60 error code EACCES
61 error errno 3
62 error Error: EACCES, mkdir '/usr/lib/node_modules/node-curl'
62 error  { [Error: EACCES, mkdir '/usr/lib/node_modules/node-curl']
62 error   errno: 3,
62 error   code: 'EACCES',
62 error   path: '/usr/lib/node_modules/node-curl',
62 error   fstream_type: 'Directory',
62 error   fstream_path: '/usr/lib/node_modules/node-curl',
62 error   fstream_class: 'DirWriter',
62 error   fstream_stack:
62 error    [ '/usr/lib/node_modules/npm/node_modules/fstream/lib/dir-writer.js:36:23',
62 error      '/usr/lib/node_modules/npm/node_modules/mkdirp/index.js:46:53',
62 error      'Object.oncomplete (fs.js:107:15)' ] }
63 error Please try running this command again as root/Administrator.
64 verbose exit [ 3, true ]
65 verbose unbuild lib/node_modules/node-curl
66 verbose gentlyRm vacuuming /usr/lib/node_modules/node-curl
